0 info it worked if it ends with ok
1 verbose cli [ '/usr/local/bin/node', '/usr/local/bin/npm', 'run', 'build' ]
2 info using npm@4.1.2
3 info using node@v7.6.0
4 verbose run-script [ 'prebuild', 'build', 'postbuild' ]
5 info lifecycle aot_test@0.0.1~prebuild: aot_test@0.0.1
6 silly lifecycle aot_test@0.0.1~prebuild: no script for prebuild, continuing
7 info lifecycle aot_test@0.0.1~build: aot_test@0.0.1
8 verbose lifecycle aot_test@0.0.1~build: unsafe-perm in lifecycle true
9 verbose lifecycle aot_test@0.0.1~build: PATH: /usr/local/lib/node_modules/npm/bin/node-gyp-bin:/home/sergey/projects/ngtools_ts_mapping_path/node_modules/.bin:/home/sergey/WebStorm-162.1812.21/bin:/home/sergey/WebStorm-162.1812.21/bin:/usr/local/sbin:/usr/local/bin:/usr/sbin:/usr/bin:/sbin:/bin:/usr/games:/usr/local/games
10 verbose lifecycle aot_test@0.0.1~build: CWD: /home/sergey/projects/ngtools_ts_mapping_path
11 silly lifecycle aot_test@0.0.1~build: Args: [ '-c', 'webpack --config webpack.config.js' ]
12 silly lifecycle aot_test@0.0.1~build: Returned: code: 2  signal: null
13 info lifecycle aot_test@0.0.1~build: Failed to exec build script
14 verbose stack Error: aot_test@0.0.1 build: `webpack --config webpack.config.js`
14 verbose stack Exit status 2
14 verbose stack     at EventEmitter.<anonymous> (/usr/local/lib/node_modules/npm/lib/utils/lifecycle.js:279:16)
14 verbose stack     at emitTwo (events.js:106:13)
14 verbose stack     at EventEmitter.emit (events.js:192:7)
14 verbose stack     at ChildProcess.<anonymous> (/usr/local/lib/node_modules/npm/lib/utils/spawn.js:40:14)
14 verbose stack     at emitTwo (events.js:106:13)
14 verbose stack     at ChildProcess.emit (events.js:192:7)
14 verbose stack     at maybeClose (internal/child_process.js:890:16)
14 verbose stack     at Process.ChildProcess._handle.onexit (internal/child_process.js:226:5)
15 verbose pkgid aot_test@0.0.1
16 verbose cwd /home/sergey/projects/ngtools_ts_mapping_path
17 error Linux 4.4.0-21-generic
18 error argv "/usr/local/bin/node" "/usr/local/bin/npm" "run" "build"
19 error node v7.6.0
20 error npm  v4.1.2
21 error code ELIFECYCLE
22 error aot_test@0.0.1 build: `webpack --config webpack.config.js`
22 error Exit status 2
23 error Failed at the aot_test@0.0.1 build script 'webpack --config webpack.config.js'.
23 error Make sure you have the latest version of node.js and npm installed.
23 error If you do, this is most likely a problem with the aot_test package,
23 error not with npm itself.
23 error Tell the author that this fails on your system:
23 error     webpack --config webpack.config.js
23 error You can get information on how to open an issue for this project with:
23 error     npm bugs aot_test
23 error Or if that isn't available, you can get their info via:
23 error     npm owner ls aot_test
23 error There is likely additional logging output above.
24 verbose exit [ 1, true ]
